|j|☆ian_yo
|j|☆Gehenna's gift
|t:|1743892820
|gametype|singles
|player|p1|ian_yo|skier|1452
|player|p2|Gehenna's gift|youngster-gen4dp|1543
|teamsize|p1|6
|teamsize|p2|6
|gen|9
|tier|[Gen 9] OU
|rated|
|rule|HP Percentage Mod: HP is shown in percentages
|rule|Endless Battle Clause: Forcing endless battles is banned
|rule|Species Clause: Limit one of each Pokémon
|rule|OHKO Clause: OHKO moves are banned
|rule|Evasion Items Clause: Evasion items are banned
|rule|Evasion Moves Clause: Evasion moves are banned
|rule|Sleep Moves Clause: Sleep-inducing moves are banned
|clearpoke
|poke|p1|Torkoal, M|
|poke|p1|Klefki, F|
|poke|p1|Hatterene, F|
|poke|p1|Cresselia, F|
|poke|p1|Rabsca, F|
|poke|p1|Hattrem, F|
|poke|p2|Heatran, F|
|poke|p2|Scream Tail|
|poke|p2|Corviknight, F|
|poke|p2|Zamazenta-*|
|poke|p2|Ting-Lu|
|poke|p2|Rillaboom, F|
|teampreview
|inactive|Battle timer is ON: inactive players will automatically lose when time's up. (requested by ian_yo)
|inactive|Gehenna's gift also wants the timer to be on.
|
|t:|1743892832
|start
|switch|p1a: Hattrem|Hattrem, F|100/100
|switch|p2a: Heatran|Heatran, F|100/100
|turn|1
|
|t:|1743892835
|move|p2a: Heatran|Magma Storm|p1a: Hattrem
|-damage|p1a: Hattrem|25/100
|-activate|p1a: Hattrem|move: Magma Storm|[of] p2a: Heatran
|move|p1a: Hattrem|Trick Room|p1a: Hattrem
|-fieldstart|move: Trick Room|[of] p1a: Hattrem
|
|-damage|p1a: Hattrem|12/100|[from] move: Magma Storm|[partiallytrapped]
|upkeep
|turn|2
|
|t:|1743892841
|move|p1a: Hattrem|Healing Wish|p1a: Hattrem
|faint|p1a: Hattrem
|move|p2a: Heatran|Earth Power|p1: Hattrem|[notarget]
|-fail|p2a: Heatran
|
|upkeep
|
|t:|1743892856
|switch|p1a: Torkoal|Torkoal, M|100/100
|-weather|SunnyDay|[from] ability: Drought|[of] p1a: Torkoal
|turn|3
|
|t:|1743892861
|switch|p2a: Scream Tail|Scream Tail|100/100
|-activate|p2a: Scream Tail|ability: Protosynthesis
|-start|p2a: Scream Tail|protosynthesisspd
|move|p1a: Torkoal|Earth Power|p2a: Scream Tail
|-damage|p2a: Scream Tail|86/100
|
|-weather|SunnyDay|[upkeep]
|upkeep
|turn|4
|-message|ian_yo forfeited.
|
|win|Gehenna's gift
|raw|ian_yo's rating: 1452 &rarr; <strong>1437</strong><br />(-15 for losing)
|raw|Gehenna&apos;s gift's rating: 1543 &rarr; <strong>1558</strong><br />(+15 for winning)
|l|☆ian_yo
|player|p1|
