|j|☆Huge Magnavox
|j|☆Dribblz
|t:|1743793189
|gametype|singles
|player|p1|Huge Magnavox|giovanni|1187
|player|p2|Dribblz|roxanne|1146
|teamsize|p1|6
|teamsize|p2|6
|gen|9
|tier|[Gen 9] OU
|rated|
|rule|HP Percentage Mod: HP is shown in percentages
|rule|Endless Battle Clause: Forcing endless battles is banned
|rule|Species Clause: Limit one of each Pokémon
|rule|OHKO Clause: OHKO moves are banned
|rule|Evasion Items Clause: Evasion items are banned
|rule|Evasion Moves Clause: Evasion moves are banned
|rule|Sleep Moves Clause: Sleep-inducing moves are banned
|clearpoke
|poke|p1|Samurott-Hisui, M|
|poke|p1|Iron Valiant|
|poke|p1|Pecharunt|
|poke|p1|Reuniclus, M|
|poke|p1|Darkrai|
|poke|p1|Kingambit, F|
|poke|p2|Samurott-Hisui, M|
|poke|p2|Iron Valiant|
|poke|p2|Bisharp, F|
|poke|p2|Ceruledge, F|
|poke|p2|Kleavor, F|
|poke|p2|Skarmory, M|
|teampreview
|inactive|Battle timer is ON: inactive players will automatically lose when time's up. (requested by Huge Magnavox)
|
|t:|1743793198
|start
|switch|p1a: Samurott|Samurott-Hisui, M|100/100
|switch|p2a: Iron Valiant|Iron Valiant|100/100
|-enditem|p2a: Iron Valiant|Booster Energy
|-activate|p2a: Iron Valiant|ability: Quark Drive|[fromitem]
|-start|p2a: Iron Valiant|quarkdrivespe
|turn|1
|
|t:|1743793206
|move|p2a: Iron Valiant|Charge Beam|p1a: Samurott
|-supereffective|p1a: Samurott
|-damage|p1a: Samurott|46/100
|move|p1a: Samurott|Aqua Cutter|p2a: Iron Valiant
|-damage|p2a: Iron Valiant|36/100
|
|upkeep
|turn|2
|
|t:|1743793213
|move|p1a: Samurott|Aqua Jet|p2a: Iron Valiant
|-damage|p2a: Iron Valiant|10/100
|move|p2a: Iron Valiant|Charge Beam|p1a: Samurott
|-supereffective|p1a: Samurott
|-damage|p1a: Samurott|0 fnt
|-boost|p2a: Iron Valiant|spa|1
|faint|p1a: Samurott
|
|upkeep
|-message|Huge Magnavox forfeited.
|
|win|Dribblz
|raw|Huge Magnavox's rating: 1187 &rarr; <strong>1159</strong><br />(-28 for losing)
|raw|Dribblz's rating: 1146 &rarr; <strong>1174</strong><br />(+28 for winning)
|l|☆Huge Magnavox
|player|p1|
