|j|☆Dogg8080
|j|☆Nsnajaakak
|t:|1743780332
|gametype|singles
|player|p1|Dogg8080|unknown|1219
|player|p2|Nsnajaakak|policeman-gen4|1232
|teamsize|p1|6
|teamsize|p2|6
|gen|9
|tier|[Gen 9] OU
|rated|
|rule|HP Percentage Mod: HP is shown in percentages
|rule|Endless Battle Clause: Forcing endless battles is banned
|rule|Species Clause: Limit one of each Pokémon
|rule|OHKO Clause: OHKO moves are banned
|rule|Evasion Items Clause: Evasion items are banned
|rule|Evasion Moves Clause: Evasion moves are banned
|rule|Sleep Moves Clause: Sleep-inducing moves are banned
|clearpoke
|poke|p1|Goodra-Hisui, F|
|poke|p1|Alomomola, M|
|poke|p1|Ting-Lu|
|poke|p1|Sinistcha|
|poke|p1|Zamazenta-*|
|poke|p1|Scizor, F|
|poke|p2|Deoxys-Defense|
|poke|p2|Samurott-Hisui, M|
|poke|p2|Great Tusk|
|poke|p2|Serperior, F|
|poke|p2|Slowking-Galar, M|
|poke|p2|Corviknight, F|
|teampreview
|-message|Dogg8080 forfeited.
|
|win|Nsnajaakak
|raw|Dogg8080's rating: 1219 &rarr; <strong>1195</strong><br />(-24 for losing)
|raw|Nsnajaakak's rating: 1232 &rarr; <strong>1256</strong><br />(+24 for winning)
|l|☆Dogg8080
|player|p1|
