|j|☆Therealradosx
|j|☆luiskzt13
|t:|1743870744
|gametype|singles
|player|p1|Therealradosx|grimsley|1180
|player|p2|luiskzt13|hugh|1232
|teamsize|p1|6
|teamsize|p2|6
|gen|9
|tier|[Gen 9] OU
|rated|
|rule|HP Percentage Mod: HP is shown in percentages
|rule|Endless Battle Clause: Forcing endless battles is banned
|rule|Species Clause: Limit one of each Pokémon
|rule|OHKO Clause: OHKO moves are banned
|rule|Evasion Items Clause: Evasion items are banned
|rule|Evasion Moves Clause: Evasion moves are banned
|rule|Sleep Moves Clause: Sleep-inducing moves are banned
|clearpoke
|poke|p1|Dragonite, F|
|poke|p1|Clefable, F|
|poke|p1|Golem, M|
|poke|p1|Raging Bolt|
|poke|p1|Talonflame, M|
|poke|p1|Ogerpon-Wellspring, F|
|poke|p2|Cinderace, M|
|poke|p2|Kyurem|
|poke|p2|Landorus-Therian, M|
|poke|p2|Slowking-Galar, F|
|poke|p2|Zamazenta-*|
|poke|p2|Gholdengo|
|teampreview
|inactive|Battle timer is ON: inactive players will automatically lose when time's up. (requested by luiskzt13)
|
|t:|1743870752
|start
|switch|p1a: boom boom|Golem, M|100/100
|switch|p2a: Slowking|Slowking-Galar, F|100/100
|turn|1
|
|t:|1743870761
|move|p1a: boom boom|Earthquake|p2a: Slowking
|-supereffective|p2a: Slowking
|-damage|p2a: Slowking|0 fnt
|faint|p2a: Slowking
|
|upkeep
|
|t:|1743870773
|switch|p2a: Landorus|Landorus-Therian, M|100/100
|-ability|p2a: Landorus|Intimidate|boost
|-unboost|p1a: boom boom|atk|1
|turn|2
|
|t:|1743870799
|switch|p1a: Ogerpon|Ogerpon-Wellspring, F|100/100
|move|p2a: Landorus|U-turn|p1a: Ogerpon
|-supereffective|p1a: Ogerpon
|-damage|p1a: Ogerpon|29/100
|
|t:|1743870806
|switch|p2a: Cinderace|Cinderace, M|100/100|[from] U-turn
|
|upkeep
|turn|3
|
|t:|1743870822
|move|p2a: Cinderace|U-turn|p1a: Ogerpon
|-start|p2a: Cinderace|typechange|Bug|[from] ability: Libero
|-supereffective|p1a: Ogerpon
|-damage|p1a: Ogerpon|0 fnt
|faint|p1a: Ogerpon
|-message|Therealradosx forfeited.
|
|win|luiskzt13
|raw|Therealradosx's rating: 1180 &rarr; <strong>1159</strong><br />(-21 for losing)
|raw|luiskzt13's rating: 1232 &rarr; <strong>1253</strong><br />(+21 for winning)
|l|☆Therealradosx
|player|p1|
|l|☆luiskzt13
|player|p2|
