|j|☆cocobiceps
|j|☆Pro Beans
|t:|1743873296
|gametype|singles
|player|p1|cocobiceps|169|1384
|player|p2|Pro Beans|1|1321
|teamsize|p1|6
|teamsize|p2|6
|gen|9
|tier|[Gen 9] OU
|rated|
|rule|HP Percentage Mod: HP is shown in percentages
|rule|Endless Battle Clause: Forcing endless battles is banned
|rule|Species Clause: Limit one of each Pokémon
|rule|OHKO Clause: OHKO moves are banned
|rule|Evasion Items Clause: Evasion items are banned
|rule|Evasion Moves Clause: Evasion moves are banned
|rule|Sleep Moves Clause: Sleep-inducing moves are banned
|clearpoke
|poke|p1|Ogerpon-Wellspring, F|
|poke|p1|Iron Valiant|
|poke|p1|Zamazenta-*|
|poke|p1|Weavile, M|
|poke|p1|Landorus-Therian, M|
|poke|p1|Dragonite, F|
|poke|p2|Munkidori, M|
|poke|p2|Iron Treads|
|poke|p2|Kommo-o, F|
|poke|p2|Ninetales-Alola, M|
|poke|p2|Mamoswine, F|
|poke|p2|Ogerpon-Wellspring, F|
|teampreview
|inactive|Battle timer is ON: inactive players will automatically lose when time's up. (requested by Pro Beans)
|inactive|cocobiceps has 120 seconds left.
|inactive|cocobiceps has 90 seconds left.
|
|t:|1743873367
|start
|switch|p1a: Triste mélancolie|Ogerpon-Wellspring, F|100/100
|switch|p2a: Mamoswine|Mamoswine, F|100/100
|turn|1
|
|t:|1743873377
|switch|p2a: Munkidori|Munkidori, M|100/100
|move|p1a: Triste mélancolie|Trailblaze|p2a: Munkidori
|-resisted|p2a: Munkidori
|-damage|p2a: Munkidori|74/100
|-boost|p1a: Triste mélancolie|spe|1
|
|upkeep
|turn|2
|
|t:|1743873387
|move|p1a: Triste mélancolie|Ivy Cudgel|p2a: Munkidori|[anim] Ivy Cudgel Water
|-damage|p2a: Munkidori|0 fnt
|faint|p2a: Munkidori
|
|upkeep
|inactive|Pro Beans has 120 seconds left.
|l|☆Pro Beans
|inactive|Pro Beans disconnected and has a minute to reconnect!
|player|p2|
|inactive|Pro Beans has 30 seconds to reconnect!
|inactive|Pro Beans has 20 seconds to reconnect!
|inactive|Pro Beans has 15 seconds to reconnect!
|inactive|Pro Beans has 10 seconds to reconnect!
|inactive|Pro Beans has 5 seconds to reconnect!
|-message|Pro Beans lost due to inactivity.
|
|win|cocobiceps
|raw|cocobiceps's rating: 1384 &rarr; <strong>1400</strong><br />(+16 for winning)
|raw|Pro Beans's rating: 1321 &rarr; <strong>1305</strong><br />(-16 for losing)
|l|☆cocobiceps
|player|p1|
