|j|☆BigDiggsEnergy
|j|☆Elalis0
|t:|1743835568
|gametype|singles
|player|p1|BigDiggsEnergy|ghetsis|1070
|player|p2|Elalis0|2|1084
|teamsize|p1|6
|teamsize|p2|6
|gen|9
|tier|[Gen 9] OU
|rated|
|rule|HP Percentage Mod: HP is shown in percentages
|rule|Endless Battle Clause: Forcing endless battles is banned
|rule|Species Clause: Limit one of each Pokémon
|rule|OHKO Clause: OHKO moves are banned
|rule|Evasion Items Clause: Evasion items are banned
|rule|Evasion Moves Clause: Evasion moves are banned
|rule|Sleep Moves Clause: Sleep-inducing moves are banned
|clearpoke
|poke|p1|Mew|
|poke|p1|Wyrdeer, M|
|poke|p1|Garchomp, M|
|poke|p1|Quaquaval, M|
|poke|p1|Greedent, F|
|poke|p1|Rotom-Mow|
|poke|p2|Manaphy|
|poke|p2|Dragonite, M|
|poke|p2|Excadrill, F|
|poke|p2|Gliscor, M|
|poke|p2|Blissey, F|
|poke|p2|Landorus-Therian, M|
|teampreview
|
|t:|1743835571
|start
|switch|p1a: Charles|Garchomp, M|100/100
|switch|p2a: Manaphy|Manaphy|100/100
|turn|1
|
|t:|1743835583
|move|p2a: Manaphy|Tail Glow|p2a: Manaphy
|-boost|p2a: Manaphy|spa|3
|move|p1a: Charles|Stealth Rock|p2a: Manaphy
|-sidestart|p2: Elalis0|move: Stealth Rock
|
|upkeep
|turn|2
|
|t:|1743835598
|switch|p1a: BuzzCut|Rotom-Mow|100/100
|move|p2a: Manaphy|Tail Glow|p2a: Manaphy
|-boost|p2a: Manaphy|spa|3
|
|upkeep
|turn|3
|
|t:|1743835607
|move|p1a: BuzzCut|Trick|p2a: Manaphy
|-activate|p1a: BuzzCut|move: Trick|[of] p2a: Manaphy
|-item|p2a: Manaphy|Choice Scarf|[from] move: Trick
|-item|p1a: BuzzCut|Leftovers|[from] move: Trick
|move|p2a: Manaphy|Ice Beam|p1a: BuzzCut
|-supereffective|p1a: BuzzCut
|-damage|p1a: BuzzCut|0 fnt
|faint|p1a: BuzzCut
|
|upkeep
|
|t:|1743835619
|switch|p1a: Pancake|Greedent, F, shiny|100/100
|turn|4
|inactive|Battle timer is ON: inactive players will automatically lose when time's up. (requested by Elalis0)
|
|t:|1743835626
|-terastallize|p2a: Manaphy|Ice
|move|p2a: Manaphy|Ice Beam|p1a: Pancake
|-damage|p1a: Pancake|0 fnt
|faint|p1a: Pancake
|
|upkeep
|
|t:|1743835633
|switch|p1a: QuackSparrow|Quaquaval, M|100/100
|turn|5
|
|t:|1743835638
|move|p2a: Manaphy|Ice Beam|p1a: QuackSparrow
|-resisted|p1a: QuackSparrow
|-damage|p1a: QuackSparrow|25/100
|move|p1a: QuackSparrow|Aqua Step|p2a: Manaphy
|-damage|p2a: Manaphy|55/100
|-boost|p1a: QuackSparrow|spe|1
|
|upkeep
|turn|6
|
|t:|1743835647
|move|p2a: Manaphy|Ice Beam|p1a: QuackSparrow
|-resisted|p1a: QuackSparrow
|-damage|p1a: QuackSparrow|0 fnt
|faint|p1a: QuackSparrow
|
|upkeep
|-message|BigDiggsEnergy forfeited.
|
|win|Elalis0
|raw|BigDiggsEnergy's rating: 1070 &rarr; <strong>1050</strong><br />(-20 for losing)
|raw|Elalis0's rating: 1084 &rarr; <strong>1110</strong><br />(+26 for winning)
|l|☆BigDiggsEnergy
|player|p1|
|l|☆Elalis0
|player|p2|
