|j|☆Zyntriptic
|j|☆abclsy123456789
|t:|1743860919
|gametype|singles
|player|p1|Zyntriptic|265|1094
|player|p2|abclsy123456789|170|1137
|teamsize|p1|2
|teamsize|p2|6
|gen|9
|tier|[Gen 9] OU
|rated|
|rule|HP Percentage Mod: HP is shown in percentages
|rule|Endless Battle Clause: Forcing endless battles is banned
|rule|Species Clause: Limit one of each Pokémon
|rule|OHKO Clause: OHKO moves are banned
|rule|Evasion Items Clause: Evasion items are banned
|rule|Evasion Moves Clause: Evasion moves are banned
|rule|Sleep Moves Clause: Sleep-inducing moves are banned
|clearpoke
|poke|p1|Falinks|
|poke|p1|Smeargle, F|
|poke|p2|Gliscor, M|
|poke|p2|Glimmora, F|
|poke|p2|Dragonite, M|
|poke|p2|Greninja-*, M|
|poke|p2|Iron Moth|
|poke|p2|Ogerpon-Wellspring, F|
|teampreview
|inactive|Battle timer is ON: inactive players will automatically lose when time's up. (requested by Zyntriptic)
|
|t:|1743860932
|start
|switch|p1a: Smeargle|Smeargle, F|100/100
|switch|p2a: Greninja|Greninja, M|100/100
|turn|1
|
|t:|1743860945
|-terastallize|p1a: Smeargle|Dark
|move|p2a: Greninja|Hydro Pump|p1a: Smeargle
|-damage|p1a: Smeargle|0 fnt
|faint|p1a: Smeargle
|-ability|p2a: Greninja|Battle Bond|boost
|-boost|p2a: Greninja|atk|1
|-boost|p2a: Greninja|spa|1
|-boost|p2a: Greninja|spe|1
|-activate|p2a: Greninja|ability: Battle Bond
|-damage|p2a: Greninja|91/100|[from] item: Life Orb
|
|upkeep
|
|t:|1743860949
|switch|p1a: Falinks|Falinks|100/100
|turn|2
|
|t:|1743860965
|move|p1a: Falinks|Upper Hand||[still]
|-fail|p1a: Falinks
|move|p2a: Greninja|Hydro Pump|p1a: Falinks
|-damage|p1a: Falinks|0 fnt
|faint|p1a: Falinks
|-damage|p2a: Greninja|81/100|[from] item: Life Orb
|
|win|abclsy123456789
|raw|Zyntriptic's rating: 1094 &rarr; <strong>1073</strong><br />(-21 for losing)
|raw|abclsy123456789's rating: 1137 &rarr; <strong>1159</strong><br />(+22 for winning)
|l|☆Zyntriptic
|player|p1|
|l|☆abclsy123456789
|player|p2|
