|j|☆Inthefun08
|j|☆imfimite
|inactive|Battle timer is ON: inactive players will automatically lose when time's up.
|t:|1743865203
|gametype|singles
|player|p1|Inthefun08|101|
|player|p2|imfimite|1|
|teamsize|p1|1
|teamsize|p2|1
|gen|9
|tier|[Gen 9] OU
|rated|Tournament battle
|rule|HP Percentage Mod: HP is shown in percentages
|rule|Endless Battle Clause: Forcing endless battles is banned
|rule|Species Clause: Limit one of each Pokémon
|rule|OHKO Clause: OHKO moves are banned
|rule|Evasion Items Clause: Evasion items are banned
|rule|Evasion Moves Clause: Evasion moves are banned
|rule|Sleep Moves Clause: Sleep-inducing moves are banned
|clearpoke
|poke|p1|Toxapex, F|
|poke|p2|Meowscarada, F|
|teampreview
|j|*Lady Monita ❄
|
|t:|1743865212
|start
|switch|p1a: Toxapex|Toxapex, F|100/100
|switch|p2a: Meowscarada|Meowscarada, F|100/100
|turn|1
|
|t:|1743865219
|-terastallize|p1a: Toxapex|Poison
|move|p2a: Meowscarada|Thunder Punch|p1a: Toxapex
|-start|p2a: Meowscarada|typechange|Electric|[from] ability: Protean
|-damage|p1a: Toxapex|75/100
|-damage|p2a: Meowscarada|91/100|[from] item: Life Orb
|move|p1a: Toxapex|Toxic|p2a: Meowscarada
|-status|p2a: Meowscarada|tox
|
|-heal|p1a: Toxapex|81/100|[from] item: Black Sludge
|-damage|p2a: Meowscarada|84/100 tox|[from] psn
|upkeep
|turn|2
|
|t:|1743865227
|move|p1a: Toxapex|Baneful Bunker|p1a: Toxapex
|-singleturn|p1a: Toxapex|move: Protect
|move|p2a: Meowscarada|Knock Off|p1a: Toxapex
|-activate|p1a: Toxapex|move: Protect
|
|-heal|p1a: Toxapex|87/100|[from] item: Black Sludge
|-damage|p2a: Meowscarada|72/100 tox|[from] psn
|upkeep
|turn|3
|
|t:|1743865231
|move|p2a: Meowscarada|Knock Off|p1a: Toxapex
|-damage|p1a: Toxapex|65/100
|-enditem|p1a: Toxapex|Black Sludge|[from] move: Knock Off|[of] p2a: Meowscarada
|-damage|p2a: Meowscarada|62/100 tox|[from] item: Life Orb
|move|p1a: Toxapex|Venoshock|p2a: Meowscarada
|-crit|p2a: Meowscarada
|-damage|p2a: Meowscarada|0 fnt
|faint|p2a: Meowscarada
|
|win|Inthefun08
|n|☆Inthefun08|inthefun08
|n|☆imfimite|imfimite
|n|*Lady Monita ❄|ladymonita
|l|*Lady Monita ❄
|l|☆imfimite
|player|p2|
